
[2019-11-16 00:33:01] slim-app.INFO: Update Post [] {"uid":"2c65ef2"}
[2019-11-16 00:40:30] slim-app.INFO: Update Post [] {"uid":"bffa42a"}
[2019-11-16 08:10:48] slim-app.INFO: Delete Post [] {"uid":"614d6a8"}
[2019-11-16 08:12:37] slim-app.INFO: Delete Post [] {"uid":"ebf106f"}
[2019-11-16 08:18:15] slim-app.INFO: Delete Post [] {"uid":"fee7a3e"}
[2019-11-16 09:20:16] slim-app.INFO: Create new Comment [] {"uid":"71a57a2"}
[2019-11-16 09:22:05] slim-app.INFO: Create new Comment [] {"uid":"4856a2c"}
[2019-11-16 09:22:33] slim-app.INFO: Create new Comment [] {"uid":"987de11"}
[2019-11-16 09:49:20] slim-app.INFO: Create new Comment [] {"uid":"4e8d62c"}
[2019-11-16 09:53:36] slim-app.INFO: Create new Post [] {"uid":"fda01b4"}
[2019-11-16 09:57:10] slim-app.INFO: Create new Post [] {"uid":"2fe65d7"}
[2019-11-16 21:44:57] slim-app.INFO: Update Post [] {"uid":"5406396"}
[2019-11-16 21:46:28] slim-app.INFO: Update Post [] {"uid":"fac4376"}
[2019-11-16 21:49:48] slim-app.INFO: Update Post [] {"uid":"ce34179"}
[2019-11-16 21:51:42] slim-app.INFO: Update Post [] {"uid":"370b0c5"}
[2019-11-16 21:52:33] slim-app.INFO: Update Post [] {"uid":"f7c784a"}
[2019-11-16 23:40:44] slim-app.INFO: Create new Post [] {"uid":"64ff2a5"}
[2019-11-16 23:41:46] slim-app.INFO: Create new Post [] {"uid":"98f04f3"}
[2019-11-16 23:42:27] slim-app.INFO: Create new Post [] {"uid":"b463939"}
[2019-11-16 23:43:46] slim-app.INFO: Create new Post [] {"uid":"f890276"}
[2019-11-16 23:44:26] slim-app.INFO: Create new Post [] {"uid":"a329cd0"}
[2019-11-16 23:44:55] slim-app.INFO: Create new Post [] {"uid":"7e642cb"}
[2019-11-16 23:47:57] slim-app.INFO: Create new Post [] {"uid":"538b35e"}
[2019-11-16 23:51:27] slim-app.INFO: Create new Post [] {"uid":"3dd93b6"}
[2019-11-17 08:54:09] slim-app.INFO: Update Post [] {"uid":"1c57bfd"}
[2019-11-17 08:58:22] slim-app.INFO: Update Post [] {"uid":"06c5edf"}
[2019-11-17 09:01:40] slim-app.INFO: Update Post [] {"uid":"55fb480"}
[2019-11-17 13:59:42] slim-app.INFO: Create new Comment [] {"uid":"a98c087"}
[2019-11-17 14:00:03] slim-app.INFO: Create new Comment [] {"uid":"fefc801"}
[2019-11-18 09:12:03] slim-app.INFO: Delete Post [] {"uid":"14dee40"}
[2019-11-18 09:14:45] slim-app.INFO: Update Post [] {"uid":"8e3f4d7"}
[2019-11-18 09:15:33] slim-app.INFO: Delete Post [] {"uid":"a10ef00"}
[2019-11-18 09:18:33] slim-app.INFO: Delete Post [] {"uid":"6b0f8f1"}
[2019-11-18 09:21:34] slim-app.INFO: Delete Post [] {"uid":"0093ade"}
[2019-11-18 09:22:59] slim-app.INFO: Delete Post [] {"uid":"e6431cb"}
[2019-11-18 21:32:34] slim-app.INFO: Update Post [] {"uid":"e2bb4df"}
[2019-11-18 21:34:29] slim-app.INFO: Update Post [] {"uid":"59f6cc9"}
[2019-11-20 11:23:48] slim-app.INFO: Update Post [] {"uid":"3d91846"}
[2019-11-20 11:24:46] slim-app.INFO: Update Post [] {"uid":"0129883"}
[2019-11-20 11:25:28] slim-app.INFO: Update Post [] {"uid":"1676aa9"}
[2019-11-20 11:26:30] slim-app.INFO: Update Post [] {"uid":"e7a7f72"}
[2019-11-20 11:32:56] slim-app.INFO: Update Post [] {"uid":"d040e02"}
[2019-11-20 11:33:46] slim-app.INFO: Update Post [] {"uid":"8e24224"}
[2019-11-20 11:34:35] slim-app.INFO: Update Post [] {"uid":"96d0e9f"}
[2019-11-20 11:35:16] slim-app.INFO: Update Post [] {"uid":"257163e"}
[2019-11-20 11:36:29] slim-app.INFO: Update Post [] {"uid":"424b745"}
[2019-11-20 21:03:23] slim-app.INFO: Update Post [] {"uid":"d28c1ae"}
[2019-11-20 21:03:43] slim-app.INFO: Update Post [] {"uid":"b1541c4"}
[2019-11-21 17:05:01] slim-app.INFO: Delete Post [] {"uid":"72b23ec"}
[2019-11-21 17:28:05] slim-app.INFO: Create new Comment [] {"uid":"ba2da43"}
[2019-11-21 17:28:22] slim-app.INFO: Delete Comment [] {"uid":"69faeea"}
[2019-11-22 08:19:03] slim-app.INFO: Create new Comment [] {"uid":"ed7d043"}
[2019-11-22 14:21:02] slim-app.INFO: Create new Post [] {"uid":"a966c5a"}
[2019-11-22 14:51:53] slim-app.INFO: Update Post [] {"uid":"4568fa0"}
[2019-11-22 14:55:35] slim-app.INFO: Update Post [] {"uid":"0a762b7"}
[2019-11-22 14:57:25] slim-app.INFO: Update Post [] {"uid":"968c1d4"}
[2019-11-22 14:57:53] slim-app.INFO: Update Post [] {"uid":"ddd412d"}
[2019-11-22 15:39:16] slim-app.INFO: Update Post [] {"uid":"e1a5be7"}
[2019-11-22 15:39:55] slim-app.INFO: Update Post [] {"uid":"8110271"}
[2019-11-22 15:41:17] slim-app.INFO: Update Post [] {"uid":"f035f9c"}
[2019-11-22 15:48:04] slim-app.INFO: Update Post [] {"uid":"0ef1657"}
[2019-11-22 15:56:18] slim-app.INFO: Update Post [] {"uid":"a85e52f"}
[2019-11-22 15:59:50] slim-app.INFO: Update Post [] {"uid":"43cf1a3"}
[2019-11-22 16:04:01] slim-app.INFO: Update Post [] {"uid":"0a5c700"}
[2019-11-22 16:04:42] slim-app.INFO: Update Post [] {"uid":"6ad3733"}
[2019-11-22 16:05:19] slim-app.INFO: Update Post [] {"uid":"c0a5eb1"}
[2019-11-22 16:06:16] slim-app.INFO: Update Post [] {"uid":"846a5ba"}
